0 info it worked if it ends with ok
1 verbose cli [ 'node', '/usr/local/bin/npm', 'install' ]
2 info using npm@1.4.28
3 info using node@v0.10.33
4 warn package.json cronapi@ No description
5 warn package.json cronapi@ No repository field.
6 warn package.json cronapi@ No README data
7 verbose readDependencies using package.json deps
8 verbose install where, deps [ '/Users/quid23/Desktop/nodeapps/procesos',
8 verbose install   [ 'asserts',
8 verbose install     'body-parser',
8 verbose install     'express',
8 verbose install     'jsonwebtoken',
8 verbose install     'moment',
8 verbose install     'mongodb',
8 verbose install     'mongoose',
8 verbose install     'morgan',
8 verbose install     'mysql' ] ]
9 info preinstall cronapi@
10 verbose readDependencies using package.json deps
11 verbose cache add [ 'asserts@^4.0.2', null ]
12 verbose cache add name=undefined spec="asserts@^4.0.2" args=["asserts@^4.0.2",null]
13 verbose parsed url { protocol: null,
13 verbose parsed url   slashes: null,
13 verbose parsed url   auth: null,
13 verbose parsed url   host: null,
13 verbose parsed url   port: null,
13 verbose parsed url   hostname: null,
13 verbose parsed url   hash: null,
13 verbose parsed url   search: null,
13 verbose parsed url   query: null,
13 verbose parsed url   pathname: 'asserts@^4.0.2',
13 verbose parsed url   path: 'asserts@^4.0.2',
13 verbose parsed url   href: 'asserts@^4.0.2' }
14 verbose cache add [ 'body-parser@^1.14.2', null ]
15 verbose cache add name=undefined spec="body-parser@^1.14.2" args=["body-parser@^1.14.2",null]
16 verbose parsed url { protocol: null,
16 verbose parsed url   slashes: null,
16 verbose parsed url   auth: null,
16 verbose parsed url   host: null,
16 verbose parsed url   port: null,
16 verbose parsed url   hostname: null,
16 verbose parsed url   hash: null,
16 verbose parsed url   search: null,
16 verbose parsed url   query: null,
16 verbose parsed url   pathname: 'body-parser@^1.14.2',
16 verbose parsed url   path: 'body-parser@^1.14.2',
16 verbose parsed url   href: 'body-parser@^1.14.2' }
17 verbose cache add [ 'express@^4.13.3', null ]
18 verbose cache add name=undefined spec="express@^4.13.3" args=["express@^4.13.3",null]
19 verbose parsed url { protocol: null,
19 verbose parsed url   slashes: null,
19 verbose parsed url   auth: null,
19 verbose parsed url   host: null,
19 verbose parsed url   port: null,
19 verbose parsed url   hostname: null,
19 verbose parsed url   hash: null,
19 verbose parsed url   search: null,
19 verbose parsed url   query: null,
19 verbose parsed url   pathname: 'express@^4.13.3',
19 verbose parsed url   path: 'express@^4.13.3',
19 verbose parsed url   href: 'express@^4.13.3' }
20 verbose cache add [ 'jsonwebtoken@^5.4.1', null ]
21 verbose cache add name=undefined spec="jsonwebtoken@^5.4.1" args=["jsonwebtoken@^5.4.1",null]
22 verbose parsed url { protocol: null,
22 verbose parsed url   slashes: null,
22 verbose parsed url   auth: null,
22 verbose parsed url   host: null,
22 verbose parsed url   port: null,
22 verbose parsed url   hostname: null,
22 verbose parsed url   hash: null,
22 verbose parsed url   search: null,
22 verbose parsed url   query: null,
22 verbose parsed url   pathname: 'jsonwebtoken@^5.4.1',
22 verbose parsed url   path: 'jsonwebtoken@^5.4.1',
22 verbose parsed url   href: 'jsonwebtoken@^5.4.1' }
23 verbose cache add name="asserts" spec="^4.0.2" args=["asserts","^4.0.2"]
24 verbose parsed url { protocol: null,
24 verbose parsed url   slashes: null,
24 verbose parsed url   auth: null,
24 verbose parsed url   host: null,
24 verbose parsed url   port: null,
24 verbose parsed url   hostname: null,
24 verbose parsed url   hash: null,
24 verbose parsed url   search: null,
24 verbose parsed url   query: null,
24 verbose parsed url   pathname: '^4.0.2',
24 verbose parsed url   path: '^4.0.2',
24 verbose parsed url   href: '^4.0.2' }
25 verbose addNamed [ 'asserts', '^4.0.2' ]
26 verbose addNamed [ null, '>=4.0.2-0 <5.0.0-0' ]
27 verbose cache add name="body-parser" spec="^1.14.2" args=["body-parser","^1.14.2"]
28 verbose parsed url { protocol: null,
28 verbose parsed url   slashes: null,
28 verbose parsed url   auth: null,
28 verbose parsed url   host: null,
28 verbose parsed url   port: null,
28 verbose parsed url   hostname: null,
28 verbose parsed url   hash: null,
28 verbose parsed url   search: null,
28 verbose parsed url   query: null,
28 verbose parsed url   pathname: '^1.14.2',
28 verbose parsed url   path: '^1.14.2',
28 verbose parsed url   href: '^1.14.2' }
29 verbose addNamed [ 'body-parser', '^1.14.2' ]
30 verbose addNamed [ null, '>=1.14.2-0 <2.0.0-0' ]
31 verbose cache add name="express" spec="^4.13.3" args=["express","^4.13.3"]
32 verbose parsed url { protocol: null,
32 verbose parsed url   slashes: null,
32 verbose parsed url   auth: null,
32 verbose parsed url   host: null,
32 verbose parsed url   port: null,
32 verbose parsed url   hostname: null,
32 verbose parsed url   hash: null,
32 verbose parsed url   search: null,
32 verbose parsed url   query: null,
32 verbose parsed url   pathname: '^4.13.3',
32 verbose parsed url   path: '^4.13.3',
32 verbose parsed url   href: '^4.13.3' }
33 verbose addNamed [ 'express', '^4.13.3' ]
34 verbose addNamed [ null, '>=4.13.3-0 <5.0.0-0' ]
35 verbose cache add [ 'moment@^2.10.6', null ]
36 verbose cache add name=undefined spec="moment@^2.10.6" args=["moment@^2.10.6",null]
37 verbose parsed url { protocol: null,
37 verbose parsed url   slashes: null,
37 verbose parsed url   auth: null,
37 verbose parsed url   host: null,
37 verbose parsed url   port: null,
37 verbose parsed url   hostname: null,
37 verbose parsed url   hash: null,
37 verbose parsed url   search: null,
37 verbose parsed url   query: null,
37 verbose parsed url   pathname: 'moment@^2.10.6',
37 verbose parsed url   path: 'moment@^2.10.6',
37 verbose parsed url   href: 'moment@^2.10.6' }
38 verbose cache add name="jsonwebtoken" spec="^5.4.1" args=["jsonwebtoken","^5.4.1"]
39 verbose parsed url { protocol: null,
39 verbose parsed url   slashes: null,
39 verbose parsed url   auth: null,
39 verbose parsed url   host: null,
39 verbose parsed url   port: null,
39 verbose parsed url   hostname: null,
39 verbose parsed url   hash: null,
39 verbose parsed url   search: null,
39 verbose parsed url   query: null,
39 verbose parsed url   pathname: '^5.4.1',
39 verbose parsed url   path: '^5.4.1',
39 verbose parsed url   href: '^5.4.1' }
40 verbose addNamed [ 'jsonwebtoken', '^5.4.1' ]
41 verbose addNamed [ null, '>=5.4.1-0 <6.0.0-0' ]
42 silly lockFile b046d693-asserts-4-0-2 asserts@^4.0.2
43 verbose lock asserts@^4.0.2 /Users/quid23/.npm/b046d693-asserts-4-0-2.lock
44 silly lockFile 26642ebe-body-parser-1-14-2 body-parser@^1.14.2
45 verbose lock body-parser@^1.14.2 /Users/quid23/.npm/26642ebe-body-parser-1-14-2.lock
46 silly lockFile 9c28b82e-express-4-13-3 express@^4.13.3
47 verbose lock express@^4.13.3 /Users/quid23/.npm/9c28b82e-express-4-13-3.lock
48 silly lockFile c7e50149-jsonwebtoken-5-4-1 jsonwebtoken@^5.4.1
49 verbose lock jsonwebtoken@^5.4.1 /Users/quid23/.npm/c7e50149-jsonwebtoken-5-4-1.lock
50 verbose cache add [ 'mongodb@^2.0.52', null ]
51 verbose cache add name=undefined spec="mongodb@^2.0.52" args=["mongodb@^2.0.52",null]
52 verbose parsed url { protocol: null,
52 verbose parsed url   slashes: null,
52 verbose parsed url   auth: null,
52 verbose parsed url   host: null,
52 verbose parsed url   port: null,
52 verbose parsed url   hostname: null,
52 verbose parsed url   hash: null,
52 verbose parsed url   search: null,
52 verbose parsed url   query: null,
52 verbose parsed url   pathname: 'mongodb@^2.0.52',
52 verbose parsed url   path: 'mongodb@^2.0.52',
52 verbose parsed url   href: 'mongodb@^2.0.52' }
53 verbose cache add [ 'mongoose@^4.3.3', null ]
54 verbose cache add name=undefined spec="mongoose@^4.3.3" args=["mongoose@^4.3.3",null]
55 verbose parsed url { protocol: null,
55 verbose parsed url   slashes: null,
55 verbose parsed url   auth: null,
55 verbose parsed url   host: null,
55 verbose parsed url   port: null,
55 verbose parsed url   hostname: null,
55 verbose parsed url   hash: null,
55 verbose parsed url   search: null,
55 verbose parsed url   query: null,
55 verbose parsed url   pathname: 'mongoose@^4.3.3',
55 verbose parsed url   path: 'mongoose@^4.3.3',
55 verbose parsed url   href: 'mongoose@^4.3.3' }
56 verbose cache add name="moment" spec="^2.10.6" args=["moment","^2.10.6"]
57 verbose parsed url { protocol: null,
57 verbose parsed url   slashes: null,
57 verbose parsed url   auth: null,
57 verbose parsed url   host: null,
57 verbose parsed url   port: null,
57 verbose parsed url   hostname: null,
57 verbose parsed url   hash: null,
57 verbose parsed url   search: null,
57 verbose parsed url   query: null,
57 verbose parsed url   pathname: '^2.10.6',
57 verbose parsed url   path: '^2.10.6',
57 verbose parsed url   href: '^2.10.6' }
58 verbose addNamed [ 'moment', '^2.10.6' ]
59 verbose addNamed [ null, '>=2.10.6-0 <3.0.0-0' ]
60 silly lockFile 3e29104c-moment-2-10-6 moment@^2.10.6
61 verbose lock moment@^2.10.6 /Users/quid23/.npm/3e29104c-moment-2-10-6.lock
62 verbose cache add [ 'morgan@^1.6.1', null ]
63 verbose cache add name=undefined spec="morgan@^1.6.1" args=["morgan@^1.6.1",null]
64 verbose parsed url { protocol: null,
64 verbose parsed url   slashes: null,
64 verbose parsed url   auth: null,
64 verbose parsed url   host: null,
64 verbose parsed url   port: null,
64 verbose parsed url   hostname: null,
64 verbose parsed url   hash: null,
64 verbose parsed url   search: null,
64 verbose parsed url   query: null,
64 verbose parsed url   pathname: 'morgan@^1.6.1',
64 verbose parsed url   path: 'morgan@^1.6.1',
64 verbose parsed url   href: 'morgan@^1.6.1' }
65 verbose cache add [ 'mysql@^2.10.0', null ]
66 verbose cache add name=undefined spec="mysql@^2.10.0" args=["mysql@^2.10.0",null]
67 verbose parsed url { protocol: null,
67 verbose parsed url   slashes: null,
67 verbose parsed url   auth: null,
67 verbose parsed url   host: null,
67 verbose parsed url   port: null,
67 verbose parsed url   hostname: null,
67 verbose parsed url   hash: null,
67 verbose parsed url   search: null,
67 verbose parsed url   query: null,
67 verbose parsed url   pathname: 'mysql@^2.10.0',
67 verbose parsed url   path: 'mysql@^2.10.0',
67 verbose parsed url   href: 'mysql@^2.10.0' }
68 verbose cache add name="mongodb" spec="^2.0.52" args=["mongodb","^2.0.52"]
69 verbose parsed url { protocol: null,
69 verbose parsed url   slashes: null,
69 verbose parsed url   auth: null,
69 verbose parsed url   host: null,
69 verbose parsed url   port: null,
69 verbose parsed url   hostname: null,
69 verbose parsed url   hash: null,
69 verbose parsed url   search: null,
69 verbose parsed url   query: null,
69 verbose parsed url   pathname: '^2.0.52',
69 verbose parsed url   path: '^2.0.52',
69 verbose parsed url   href: '^2.0.52' }
70 verbose addNamed [ 'mongodb', '^2.0.52' ]
71 verbose addNamed [ null, '>=2.0.52-0 <3.0.0-0' ]
72 silly lockFile d1cfe44a-mongodb-2-0-52 mongodb@^2.0.52
73 verbose lock mongodb@^2.0.52 /Users/quid23/.npm/d1cfe44a-mongodb-2-0-52.lock
74 verbose cache add name="mongoose" spec="^4.3.3" args=["mongoose","^4.3.3"]
75 verbose parsed url { protocol: null,
75 verbose parsed url   slashes: null,
75 verbose parsed url   auth: null,
75 verbose parsed url   host: null,
75 verbose parsed url   port: null,
75 verbose parsed url   hostname: null,
75 verbose parsed url   hash: null,
75 verbose parsed url   search: null,
75 verbose parsed url   query: null,
75 verbose parsed url   pathname: '^4.3.3',
75 verbose parsed url   path: '^4.3.3',
75 verbose parsed url   href: '^4.3.3' }
76 verbose addNamed [ 'mongoose', '^4.3.3' ]
77 verbose addNamed [ null, '>=4.3.3-0 <5.0.0-0' ]
78 silly lockFile 2b2a4fe7-mongoose-4-3-3 mongoose@^4.3.3
79 verbose lock mongoose@^4.3.3 /Users/quid23/.npm/2b2a4fe7-mongoose-4-3-3.lock
80 verbose cache add name="morgan" spec="^1.6.1" args=["morgan","^1.6.1"]
81 verbose parsed url { protocol: null,
81 verbose parsed url   slashes: null,
81 verbose parsed url   auth: null,
81 verbose parsed url   host: null,
81 verbose parsed url   port: null,
81 verbose parsed url   hostname: null,
81 verbose parsed url   hash: null,
81 verbose parsed url   search: null,
81 verbose parsed url   query: null,
81 verbose parsed url   pathname: '^1.6.1',
81 verbose parsed url   path: '^1.6.1',
81 verbose parsed url   href: '^1.6.1' }
82 verbose addNamed [ 'morgan', '^1.6.1' ]
83 verbose addNamed [ null, '>=1.6.1-0 <2.0.0-0' ]
84 silly lockFile 91ec9a1a-morgan-1-6-1 morgan@^1.6.1
85 verbose lock morgan@^1.6.1 /Users/quid23/.npm/91ec9a1a-morgan-1-6-1.lock
86 verbose cache add name="mysql" spec="^2.10.0" args=["mysql","^2.10.0"]
87 verbose parsed url { protocol: null,
87 verbose parsed url   slashes: null,
87 verbose parsed url   auth: null,
87 verbose parsed url   host: null,
87 verbose parsed url   port: null,
87 verbose parsed url   hostname: null,
87 verbose parsed url   hash: null,
87 verbose parsed url   search: null,
87 verbose parsed url   query: null,
87 verbose parsed url   pathname: '^2.10.0',
87 verbose parsed url   path: '^2.10.0',
87 verbose parsed url   href: '^2.10.0' }
88 verbose addNamed [ 'mysql', '^2.10.0' ]
89 verbose addNamed [ null, '>=2.10.0-0 <3.0.0-0' ]
90 silly lockFile aa5e8d31-mysql-2-10-0 mysql@^2.10.0
91 verbose lock mysql@^2.10.0 /Users/quid23/.npm/aa5e8d31-mysql-2-10-0.lock
92 silly addNameRange { name: 'asserts', range: '>=4.0.2-0 <5.0.0-0', hasData: false }
93 silly addNameRange { name: 'body-parser',
93 silly addNameRange   range: '>=1.14.2-0 <2.0.0-0',
93 silly addNameRange   hasData: false }
94 silly addNameRange { name: 'moment', range: '>=2.10.6-0 <3.0.0-0', hasData: false }
95 silly addNameRange { name: 'express', range: '>=4.13.3-0 <5.0.0-0', hasData: false }
96 silly addNameRange { name: 'jsonwebtoken',
96 silly addNameRange   range: '>=5.4.1-0 <6.0.0-0',
96 silly addNameRange   hasData: false }
97 silly addNameRange { name: 'mongodb', range: '>=2.0.52-0 <3.0.0-0', hasData: false }
98 silly addNameRange { name: 'mongoose', range: '>=4.3.3-0 <5.0.0-0', hasData: false }
99 silly addNameRange { name: 'morgan', range: '>=1.6.1-0 <2.0.0-0', hasData: false }
100 silly addNameRange { name: 'mysql', range: '>=2.10.0-0 <3.0.0-0', hasData: false }
101 verbose request where is /asserts
102 verbose request registry https://registry.npmjs.org/
103 verbose request id 47a754300bf87495
104 verbose url raw /asserts
105 verbose url resolving [ 'https://registry.npmjs.org/', './asserts' ]
106 verbose url resolved https://registry.npmjs.org/asserts
107 verbose request where is https://registry.npmjs.org/asserts
108 info trying registry request attempt 1 at 13:18:32
109 verbose etag "E9JSU8GMBC4RL9XXNRW5E0QV9"
110 http GET https://registry.npmjs.org/asserts
111 verbose request where is /body-parser
112 verbose request registry https://registry.npmjs.org/
113 verbose url raw /body-parser
114 verbose url resolving [ 'https://registry.npmjs.org/', './body-parser' ]
115 verbose url resolved https://registry.npmjs.org/body-parser
116 verbose request where is https://registry.npmjs.org/body-parser
117 info trying registry request attempt 1 at 13:18:32
118 verbose etag "1A3WFZPY9FNQMDCR1ESRDZNUX"
119 http GET https://registry.npmjs.org/body-parser
120 verbose request where is /jsonwebtoken
121 verbose request registry https://registry.npmjs.org/
122 verbose url raw /jsonwebtoken
123 verbose url resolving [ 'https://registry.npmjs.org/', './jsonwebtoken' ]
124 verbose url resolved https://registry.npmjs.org/jsonwebtoken
125 verbose request where is https://registry.npmjs.org/jsonwebtoken
126 info trying registry request attempt 1 at 13:18:32
127 verbose etag "XX8VGPQ9X013XS1IV9GMHRZH"
128 http GET https://registry.npmjs.org/jsonwebtoken
129 verbose request where is /morgan
130 verbose request registry https://registry.npmjs.org/
131 verbose url raw /morgan
132 verbose url resolving [ 'https://registry.npmjs.org/', './morgan' ]
133 verbose url resolved https://registry.npmjs.org/morgan
134 verbose request where is https://registry.npmjs.org/morgan
135 info trying registry request attempt 1 at 13:18:32
136 verbose etag "D3JQ9KTOTMR0PONV1HTY9MKA2"
137 http GET https://registry.npmjs.org/morgan
138 verbose request where is /express
139 verbose request registry https://registry.npmjs.org/
140 verbose url raw /express
141 verbose url resolving [ 'https://registry.npmjs.org/', './express' ]
142 verbose url resolved https://registry.npmjs.org/express
143 verbose request where is https://registry.npmjs.org/express
144 info trying registry request attempt 1 at 13:18:32
145 verbose etag "510L2EP566A85ZPQRFNJXR3ND"
146 http GET https://registry.npmjs.org/express
147 verbose request where is /moment
148 verbose request registry https://registry.npmjs.org/
149 verbose url raw /moment
150 verbose url resolving [ 'https://registry.npmjs.org/', './moment' ]
151 verbose url resolved https://registry.npmjs.org/moment
152 verbose request where is https://registry.npmjs.org/moment
153 info trying registry request attempt 1 at 13:18:32
154 verbose etag "2M28WMLUOGOO17MALR3P0ZTH9"
155 http GET https://registry.npmjs.org/moment
156 verbose request where is /mongodb
157 verbose request registry https://registry.npmjs.org/
158 verbose url raw /mongodb
159 verbose url resolving [ 'https://registry.npmjs.org/', './mongodb' ]
160 verbose url resolved https://registry.npmjs.org/mongodb
161 verbose request where is https://registry.npmjs.org/mongodb
162 info trying registry request attempt 1 at 13:18:32
163 verbose etag "BU8CU3QDB2BHYQO3G4P4ZGBII"
164 http GET https://registry.npmjs.org/mongodb
165 verbose request where is /mongoose
166 verbose request registry https://registry.npmjs.org/
167 verbose url raw /mongoose
168 verbose url resolving [ 'https://registry.npmjs.org/', './mongoose' ]
169 verbose url resolved https://registry.npmjs.org/mongoose
170 verbose request where is https://registry.npmjs.org/mongoose
171 info trying registry request attempt 1 at 13:18:32
172 verbose etag "EUBKQMSU117QJXK8J2HO90XRZ"
173 http GET https://registry.npmjs.org/mongoose
174 verbose request where is /mysql
175 verbose request registry https://registry.npmjs.org/
176 verbose url raw /mysql
177 verbose url resolving [ 'https://registry.npmjs.org/', './mysql' ]
178 verbose url resolved https://registry.npmjs.org/mysql
179 verbose request where is https://registry.npmjs.org/mysql
180 info trying registry request attempt 1 at 13:18:33
181 verbose etag "46H47CW7AQL7N3CCMOGEBODD5"
182 http GET https://registry.npmjs.org/mysql
183 http 200 https://registry.npmjs.org/morgan
184 silly registry.get cb [ 200,
184 silly registry.get   { server: 'CouchDB/1.5.0 (Erlang OTP/R16B03)',
184 silly registry.get     etag: '"1FYNLYE7B5BYIQRRH0BND6O6K"',
184 silly registry.get     'content-type': 'application/json',
184 silly registry.get     'cache-control': 'max-age=300',
184 silly registry.get     'content-length': '42746',
184 silly registry.get     'accept-ranges': 'bytes',
184 silly registry.get     date: 'Wed, 23 Dec 2015 19:17:32 GMT',
184 silly registry.get     via: '1.1 varnish',
184 silly registry.get     age: '63',
184 silly registry.get     connection: 'keep-alive',
184 silly registry.get     'x-served-by': 'cache-ord1733-ORD',
184 silly registry.get     'x-cache': 'HIT',
184 silly registry.get     'x-cache-hits': '1',
184 silly registry.get     'x-timer': 'S1450898252.822742,VS0,VE0',
184 silly registry.get     vary: 'Accept' } ]
185 http 200 https://registry.npmjs.org/jsonwebtoken
186 silly registry.get cb [ 200,
186 silly registry.get   { server: 'CouchDB/1.5.0 (Erlang OTP/R16B03)',
186 silly registry.get     etag: '"BCBIDUL9CO1YOO3K91LTQQ81K"',
186 silly registry.get     'content-type': 'application/json',
186 silly registry.get     'cache-control': 'max-age=300',
186 silly registry.get     'content-length': '53901',
186 silly registry.get     'accept-ranges': 'bytes',
186 silly registry.get     date: 'Wed, 23 Dec 2015 19:17:32 GMT',
186 silly registry.get     via: '1.1 varnish',
186 silly registry.get     age: '270',
186 silly registry.get     connection: 'keep-alive',
186 silly registry.get     'x-served-by': 'cache-ord1727-ORD',
186 silly registry.get     'x-cache': 'HIT',
186 silly registry.get     'x-cache-hits': '1',
186 silly registry.get     'x-timer': 'S1450898252.822228,VS0,VE0',
186 silly registry.get     vary: 'Accept' } ]
187 silly addNameRange number 2 { name: 'jsonwebtoken',
187 silly addNameRange   range: '>=5.4.1-0 <6.0.0-0',
187 silly addNameRange   hasData: true }
188 silly addNameRange versions [ 'jsonwebtoken',
188 silly addNameRange   [ '0.1.0',
188 silly addNameRange     '0.2.0',
188 silly addNameRange     '0.3.0',
188 silly addNameRange     '0.4.0',
188 silly addNameRange     '0.4.1',
188 silly addNameRange     '1.0.0',
188 silly addNameRange     '1.0.2',
188 silly addNameRange     '1.1.0',
188 silly addNameRange     '1.1.1',
188 silly addNameRange     '1.1.2',
188 silly addNameRange     '1.2.0',
188 silly addNameRange     '1.3.0',
188 silly addNameRange     '2.0.0',
188 silly addNameRange     '3.0.0',
188 silly addNameRange     '3.1.0',
188 silly addNameRange     '3.1.1',
188 silly addNameRange     '3.2.0',
188 silly addNameRange     '3.2.1',
188 silly addNameRange     '3.2.2',
188 silly addNameRange     '4.0.0',
188 silly addNameRange     '4.1.0',
188 silly addNameRange     '4.2.0',
188 silly addNameRange     '4.2.1',
188 silly addNameRange     '4.2.2',
188 silly addNameRange     '5.0.0',
188 silly addNameRange     '5.0.1',
188 silly addNameRange     '5.0.2',
188 silly addNameRange     '5.0.3',
188 silly addNameRange     '5.0.4',
188 silly addNameRange     '5.0.5',
188 silly addNameRange     '5.1.0',
188 silly addNameRange     '5.2.0',
188 silly addNameRange     '5.3.1',
188 silly addNameRange     '5.4.0',
188 silly addNameRange     '5.4.1' ] ]
189 verbose addNamed [ 'jsonwebtoken', '5.4.1' ]
190 verbose addNamed [ '5.4.1', '5.4.1' ]
191 silly lockFile 7affa07f-jsonwebtoken-5-4-1 jsonwebtoken@5.4.1
192 verbose lock jsonwebtoken@5.4.1 /Users/quid23/.npm/7affa07f-jsonwebtoken-5-4-1.lock
193 silly addNameRange number 2 { name: 'morgan', range: '>=1.6.1-0 <2.0.0-0', hasData: true }
194 silly addNameRange versions [ 'morgan',
194 silly addNameRange   [ '1.0.0',
194 silly addNameRange     '1.0.1',
194 silly addNameRange     '1.1.0',
194 silly addNameRange     '1.1.1',
194 silly addNameRange     '1.2.0',
194 silly addNameRange     '1.2.1',
194 silly addNameRange     '1.2.2',
194 silly addNameRange     '1.2.3',
194 silly addNameRange     '1.3.0',
194 silly addNameRange     '1.3.1',
194 silly addNameRange     '1.3.2',
194 silly addNameRange     '1.4.0',
194 silly addNameRange     '1.4.1',
194 silly addNameRange     '1.5.0',
194 silly addNameRange     '1.5.1',
194 silly addNameRange     '1.5.2',
194 silly addNameRange     '1.5.3',
194 silly addNameRange     '1.6.0',
194 silly addNameRange     '1.6.1' ] ]
195 verbose addNamed [ 'morgan', '1.6.1' ]
196 verbose addNamed [ '1.6.1', '1.6.1' ]
197 silly lockFile 4ffca82c-morgan-1-6-1 morgan@1.6.1
198 verbose lock morgan@1.6.1 /Users/quid23/.npm/4ffca82c-morgan-1-6-1.lock
199 http 200 https://registry.npmjs.org/body-parser
200 silly registry.get cb [ 200,
200 silly registry.get   { server: 'CouchDB/1.5.0 (Erlang OTP/R16B03)',
200 silly registry.get     etag: '"BAVEKG3EHX5WGLJG6XVP5S4BE"',
200 silly registry.get     'content-type': 'application/json',
200 silly registry.get     'cache-control': 'max-age=300',
200 silly registry.get     'content-length': '113164',
200 silly registry.get     'accept-ranges': 'bytes',
200 silly registry.get     date: 'Wed, 23 Dec 2015 19:17:32 GMT',
200 silly registry.get     via: '1.1 varnish',
200 silly registry.get     age: '213',
200 silly registry.get     connection: 'keep-alive',
200 silly registry.get     'x-served-by': 'cache-ord1722-ORD',
200 silly registry.get     'x-cache': 'HIT',
200 silly registry.get     'x-cache-hits': '5',
200 silly registry.get     'x-timer': 'S1450898252.827553,VS0,VE0',
200 silly registry.get     vary: 'Accept' } ]
201 silly addNameRange number 2 { name: 'body-parser',
201 silly addNameRange   range: '>=1.14.2-0 <2.0.0-0',
201 silly addNameRange   hasData: true }
202 silly addNameRange versions [ 'body-parser',
202 silly addNameRange   [ '1.0.0',
202 silly addNameRange     '1.0.1',
202 silly addNameRange     '1.0.2',
202 silly addNameRange     '1.1.0',
202 silly addNameRange     '1.1.1',
202 silly addNameRange     '1.1.2',
202 silly addNameRange     '1.2.0',
202 silly addNameRange     '1.2.1',
202 silly addNameRange     '1.2.2',
202 silly addNameRange     '1.3.0',
202 silly addNameRange     '1.3.1',
202 silly addNameRange     '1.4.0',
202 silly addNameRange     '1.4.1',
202 silly addNameRange     '1.4.2',
202 silly addNameRange     '1.4.3',
202 silly addNameRange     '1.5.0',
202 silly addNameRange     '1.5.1',
202 silly addNameRange     '1.5.2',
202 silly addNameRange     '1.6.0',
202 silly addNameRange     '1.6.1',
202 silly addNameRange     '1.6.2',
202 silly addNameRange     '1.6.3',
202 silly addNameRange     '1.6.4',
202 silly addNameRange     '1.6.5',
202 silly addNameRange     '1.6.6',
202 silly addNameRange     '1.6.7',
202 silly addNameRange     '1.7.0',
202 silly addNameRange     '1.8.0',
202 silly addNameRange     '1.8.1',
202 silly addNameRange     '1.8.2',
202 silly addNameRange     '1.8.3',
202 silly addNameRange     '1.8.4',
202 silly addNameRange     '1.9.0',
202 silly addNameRange     '1.9.1',
202 silly addNameRange     '1.9.2',
202 silly addNameRange     '1.9.3',
202 silly addNameRange     '1.10.0',
202 silly addNameRange     '1.10.1',
202 silly addNameRange     '1.10.2',
202 silly addNameRange     '1.11.0',
202 silly addNameRange     '1.12.0',
202 silly addNameRange     '1.12.1',
202 silly addNameRange     '1.12.2',
202 silly addNameRange     '1.12.3',
202 silly addNameRange     '1.12.4',
202 silly addNameRange     '1.13.0',
202 silly addNameRange     '1.13.1',
202 silly addNameRange     '1.13.2',
202 silly addNameRange     '1.13.3',
202 silly addNameRange     '1.14.0',
202 silly addNameRange     '1.14.1',
202 silly addNameRange     '1.14.2' ] ]
203 verbose addNamed [ 'body-parser', '1.14.2' ]
204 verbose addNamed [ '1.14.2', '1.14.2' ]
205 silly lockFile 0510b939-body-parser-1-14-2 body-parser@1.14.2
206 verbose lock body-parser@1.14.2 /Users/quid23/.npm/0510b939-body-parser-1-14-2.lock
207 http 200 https://registry.npmjs.org/moment
208 silly registry.get cb [ 200,
208 silly registry.get   { server: 'CouchDB/1.5.0 (Erlang OTP/R16B03)',
208 silly registry.get     etag: '"4H3WO8G4561Z8X19HSXRWSJAU"',
208 silly registry.get     'content-type': 'application/json',
208 silly registry.get     'cache-control': 'max-age=300',
208 silly registry.get     'content-length': '66874',
208 silly registry.get     'accept-ranges': 'bytes',
208 silly registry.get     date: 'Wed, 23 Dec 2015 19:17:33 GMT',
208 silly registry.get     via: '1.1 varnish',
208 silly registry.get     age: '160',
208 silly registry.get     connection: 'keep-alive',
208 silly registry.get     'x-served-by': 'cache-ord1733-ORD',
208 silly registry.get     'x-cache': 'HIT',
208 silly registry.get     'x-cache-hits': '2',
208 silly registry.get     'x-timer': 'S1450898253.001340,VS0,VE0',
208 silly registry.get     vary: 'Accept' } ]
209 silly lockFile 4ffca82c-morgan-1-6-1 morgan@1.6.1
210 silly lockFile 4ffca82c-morgan-1-6-1 morgan@1.6.1
211 silly lockFile 7affa07f-jsonwebtoken-5-4-1 jsonwebtoken@5.4.1
212 silly lockFile 7affa07f-jsonwebtoken-5-4-1 jsonwebtoken@5.4.1
213 silly lockFile 91ec9a1a-morgan-1-6-1 morgan@^1.6.1
214 silly lockFile 91ec9a1a-morgan-1-6-1 morgan@^1.6.1
215 silly lockFile c7e50149-jsonwebtoken-5-4-1 jsonwebtoken@^5.4.1
216 silly lockFile c7e50149-jsonwebtoken-5-4-1 jsonwebtoken@^5.4.1
217 silly addNameRange number 2 { name: 'moment', range: '>=2.10.6-0 <3.0.0-0', hasData: true }
218 silly addNameRange versions [ 'moment',
218 silly addNameRange   [ '1.0.0',
218 silly addNameRange     '1.0.1',
218 silly addNameRange     '1.1.0',
218 silly addNameRange     '1.1.1',
218 silly addNameRange     '1.2.0',
218 silly addNameRange     '1.3.0',
218 silly addNameRange     '1.4.0',
218 silly addNameRange     '1.5.0',
218 silly addNameRange     '1.5.1',
218 silly addNameRange     '1.6.0',
218 silly addNameRange     '1.6.1',
218 silly addNameRange     '1.6.2',
218 silly addNameRange     '1.7.0',
218 silly addNameRange     '1.7.1',
218 silly addNameRange     '1.7.2',
218 silly addNameRange     '2.0.0',
218 silly addNameRange     '2.1.0',
218 silly addNameRange     '2.2.1',
218 silly addNameRange     '2.3.0',
218 silly addNameRange     '2.3.1',
218 silly addNameRange     '2.4.0',
218 silly addNameRange     '2.5.0',
218 silly addNameRange     '2.5.1',
218 silly addNameRange     '2.6.0',
218 silly addNameRange     '2.7.0',
218 silly addNameRange     '2.8.1',
218 silly addNameRange     '2.8.2',
218 silly addNameRange     '2.8.3',
218 silly addNameRange     '2.8.4',
218 silly addNameRange     '2.9.0',
218 silly addNameRange     '2.10.2',
218 silly addNameRange     '2.10.3',
218 silly addNameRange     '2.10.5',
218 silly addNameRange     '2.10.6' ] ]
219 verbose addNamed [ 'moment', '2.10.6' ]
220 verbose addNamed [ '2.10.6', '2.10.6' ]
221 silly lockFile 81e32ec7-moment-2-10-6 moment@2.10.6
222 verbose lock moment@2.10.6 /Users/quid23/.npm/81e32ec7-moment-2-10-6.lock
223 silly lockFile 0510b939-body-parser-1-14-2 body-parser@1.14.2
224 silly lockFile 0510b939-body-parser-1-14-2 body-parser@1.14.2
225 silly lockFile 26642ebe-body-parser-1-14-2 body-parser@^1.14.2
226 silly lockFile 26642ebe-body-parser-1-14-2 body-parser@^1.14.2
227 silly lockFile 81e32ec7-moment-2-10-6 moment@2.10.6
228 silly lockFile 81e32ec7-moment-2-10-6 moment@2.10.6
229 silly lockFile 3e29104c-moment-2-10-6 moment@^2.10.6
230 silly lockFile 3e29104c-moment-2-10-6 moment@^2.10.6
231 http 304 https://registry.npmjs.org/asserts
232 silly registry.get cb [ 304,
232 silly registry.get   { date: 'Wed, 23 Dec 2015 19:17:32 GMT',
232 silly registry.get     via: '1.1 varnish',
232 silly registry.get     'cache-control': 'max-age=300',
232 silly registry.get     etag: '"E9JSU8GMBC4RL9XXNRW5E0QV9"',
232 silly registry.get     age: '0',
232 silly registry.get     connection: 'keep-alive',
232 silly registry.get     'x-served-by': 'cache-ord1726-ORD',
232 silly registry.get     'x-cache': 'MISS',
232 silly registry.get     'x-cache-hits': '0',
232 silly registry.get     'x-timer': 'S1450898252.825730,VS0,VE363',
232 silly registry.get     vary: 'Accept' } ]
233 verbose etag https://registry.npmjs.org/asserts from cache
234 silly addNameRange number 2 { name: 'asserts', range: '>=4.0.2-0 <5.0.0-0', hasData: true }
235 silly addNameRange versions [ 'asserts',
235 silly addNameRange   [ '0.3.0',
235 silly addNameRange     '0.3.1',
235 silly addNameRange     '0.4.0',
235 silly addNameRange     '0.4.1',
235 silly addNameRange     '0.4.2',
235 silly addNameRange     '1.0.0',
235 silly addNameRange     '1.0.1',
235 silly addNameRange     '2.0.0',
235 silly addNameRange     '2.1.0',
235 silly addNameRange     '2.2.0',
235 silly addNameRange     '3.0.0',
235 silly addNameRange     '3.1.0',
235 silly addNameRange     '3.1.1',
235 silly addNameRange     '4.0.0',
235 silly addNameRange     '4.0.1',
235 silly addNameRange     '4.0.2' ] ]
236 verbose addNamed [ 'asserts', '4.0.2' ]
237 verbose addNamed [ '4.0.2', '4.0.2' ]
238 silly lockFile 36fd2ffe-asserts-4-0-2 asserts@4.0.2
239 verbose lock asserts@4.0.2 /Users/quid23/.npm/36fd2ffe-asserts-4-0-2.lock
240 silly lockFile 36fd2ffe-asserts-4-0-2 asserts@4.0.2
241 silly lockFile 36fd2ffe-asserts-4-0-2 asserts@4.0.2
242 silly lockFile b046d693-asserts-4-0-2 asserts@^4.0.2
243 silly lockFile b046d693-asserts-4-0-2 asserts@^4.0.2
244 http 200 https://registry.npmjs.org/mysql
245 silly registry.get cb [ 200,
245 silly registry.get   { server: 'CouchDB/1.5.0 (Erlang OTP/R16B03)',
245 silly registry.get     etag: '"DZJRZW94W89VBBA7OXZ54AF4I"',
245 silly registry.get     'content-type': 'application/json',
245 silly registry.get     'cache-control': 'max-age=300',
245 silly registry.get     'content-length': '119491',
245 silly registry.get     'accept-ranges': 'bytes',
245 silly registry.get     date: 'Wed, 23 Dec 2015 19:17:33 GMT',
245 silly registry.get     via: '1.1 varnish',
245 silly registry.get     age: '135',
245 silly registry.get     connection: 'keep-alive',
245 silly registry.get     'x-served-by': 'cache-ord1733-ORD',
245 silly registry.get     'x-cache': 'HIT',
245 silly registry.get     'x-cache-hits': '2',
245 silly registry.get     'x-timer': 'S1450898253.125322,VS0,VE0',
245 silly registry.get     vary: 'Accept' } ]
246 silly addNameRange number 2 { name: 'mysql', range: '>=2.10.0-0 <3.0.0-0', hasData: true }
247 silly addNameRange versions [ 'mysql',
247 silly addNameRange   [ '0.1.0',
247 silly addNameRange     '0.2.0',
247 silly addNameRange     '0.3.0',
247 silly addNameRange     '0.4.0',
247 silly addNameRange     '0.5.0',
247 silly addNameRange     '0.6.0',
247 silly addNameRange     '0.7.0',
247 silly addNameRange     '0.8.0',
247 silly addNameRange     '0.9.0',
247 silly addNameRange     '0.9.1',
247 silly addNameRange     '0.9.2',
247 silly addNameRange     '0.9.3',
247 silly addNameRange     '0.9.4',
247 silly addNameRange     '0.9.5',
247 silly addNameRange     '0.9.6',
247 silly addNameRange     '2.0.0-alpha',
247 silly addNameRange     '2.0.0-alpha2',
247 silly addNameRange     '2.0.0-alpha3',
247 silly addNameRange     '2.0.0-alpha4',
247 silly addNameRange     '2.0.0-alpha5',
247 silly addNameRange     '2.0.0-alpha6',
247 silly addNameRange     '2.0.0-alpha7',
247 silly addNameRange     '2.0.0-alpha8',
247 silly addNameRange     '2.0.0-alpha9',
247 silly addNameRange     '2.0.0-rc1',
247 silly addNameRange     '2.0.0-rc2',
247 silly addNameRange     '2.0.0',
247 silly addNameRange     '2.0.1',
247 silly addNameRange     '2.1.0',
247 silly addNameRange     '2.1.1',
247 silly addNameRange     '2.2.0',
247 silly addNameRange     '2.3.0',
247 silly addNameRange     '2.3.1',
247 silly addNameRange     '2.3.2',
247 silly addNameRange     '2.4.0',
247 silly addNameRange     '2.4.1',
247 silly addNameRange     '2.4.2',
247 silly addNameRange     '2.4.3',
247 silly addNameRange     '2.5.0',
247 silly addNameRange     '2.5.1',
247 silly addNameRange     '2.5.2',
247 silly addNameRange     '2.5.3',
247 silly addNameRange     '2.5.4',
247 silly addNameRange     '2.5.5',
247 silly addNameRange     '2.6.0',
247 silly addNameRange     '2.6.1',
247 silly addNameRange     '2.6.2',
247 silly addNameRange     '2.7.0',
247 silly addNameRange     '2.8.0',
247 silly addNameRange     '2.9.0',
247 silly addNameRange     '2.10.0' ] ]
248 verbose addNamed [ 'mysql', '2.10.0' ]
249 verbose addNamed [ '2.10.0', '2.10.0' ]
250 silly lockFile 762707a0-mysql-2-10-0 mysql@2.10.0
251 verbose lock mysql@2.10.0 /Users/quid23/.npm/762707a0-mysql-2-10-0.lock
252 silly lockFile 762707a0-mysql-2-10-0 mysql@2.10.0
253 silly lockFile 762707a0-mysql-2-10-0 mysql@2.10.0
254 silly lockFile aa5e8d31-mysql-2-10-0 mysql@^2.10.0
255 silly lockFile aa5e8d31-mysql-2-10-0 mysql@^2.10.0
256 http 200 https://registry.npmjs.org/mongodb
257 silly registry.get cb [ 200,
257 silly registry.get   { server: 'CouchDB/1.5.0 (Erlang OTP/R16B03)',
257 silly registry.get     etag: '"D7VLG06EX8MD1WNVPJM08N2XF"',
257 silly registry.get     'content-type': 'application/json',
257 silly registry.get     'cache-control': 'max-age=300',
257 silly registry.get     'content-length': '499662',
257 silly registry.get     'accept-ranges': 'bytes',
257 silly registry.get     date: 'Wed, 23 Dec 2015 19:17:33 GMT',
257 silly registry.get     via: '1.1 varnish',
257 silly registry.get     age: '146',
257 silly registry.get     connection: 'keep-alive',
257 silly registry.get     'x-served-by': 'cache-ord1727-ORD',
257 silly registry.get     'x-cache': 'HIT',
257 silly registry.get     'x-cache-hits': '2',
257 silly registry.get     'x-timer': 'S1450898253.002304,VS0,VE0',
257 silly registry.get     vary: 'Accept' } ]
258 http 200 https://registry.npmjs.org/express
259 silly registry.get cb [ 200,
259 silly registry.get   { server: 'CouchDB/1.5.0 (Erlang OTP/R16B03)',
259 silly registry.get     etag: '"12SG4G0JIIFZBGMRH98S59S7P"',
259 silly registry.get     'content-type': 'application/json',
259 silly registry.get     'cache-control': 'max-age=300',
259 silly registry.get     'content-length': '529378',
259 silly registry.get     'accept-ranges': 'bytes',
259 silly registry.get     date: 'Wed, 23 Dec 2015 19:17:32 GMT',
259 silly registry.get     via: '1.1 varnish',
259 silly registry.get     age: '210',
259 silly registry.get     connection: 'keep-alive',
259 silly registry.get     'x-served-by': 'cache-ord1735-ORD',
259 silly registry.get     'x-cache': 'HIT',
259 silly registry.get     'x-cache-hits': '8',
259 silly registry.get     'x-timer': 'S1450898252.826748,VS0,VE0',
259 silly registry.get     vary: 'Accept' } ]
260 silly addNameRange number 2 { name: 'mongodb', range: '>=2.0.52-0 <3.0.0-0', hasData: true }
261 silly addNameRange versions [ 'mongodb',
261 silly addNameRange   [ '0.9.4',
261 silly addNameRange     '0.9.4-4',
261 silly addNameRange     '0.9.3',
261 silly addNameRange     '0.9.1',
261 silly addNameRange     '0.9.2',
261 silly addNameRange     '0.9.6-7',
261 silly addNameRange     '0.9.6-8',
261 silly addNameRange     '0.9.6-9',
261 silly addNameRange     '0.9.6-10',
261 silly addNameRange     '0.9.6-11',
261 silly addNameRange     '0.9.6-12',
261 silly addNameRange     '0.9.6-13',
261 silly addNameRange     '0.9.6-14',
261 silly addNameRange     '0.9.6-15',
261 silly addNameRange     '0.9.6-16',
261 silly addNameRange     '0.9.6-17',
261 silly addNameRange     '0.9.6-18',
261 silly addNameRange     '0.9.6-19',
261 silly addNameRange     '0.9.6-20',
261 silly addNameRange     '0.9.6-21',
261 silly addNameRange     '0.9.6-22',
261 silly addNameRange     '0.9.6-23',
261 silly addNameRange     '0.9.7',
261 silly addNameRange     '0.9.7-0',
261 silly addNameRange     '0.9.7-1',
261 silly addNameRange     '0.9.7-1.1',
261 silly addNameRange     '0.9.7-1.2',
261 silly addNameRange     '0.9.7-1.3',
261 silly addNameRange     '0.9.7-1.4',
261 silly addNameRange     '0.9.7-2',
261 silly addNameRange     '0.9.7-2-1',
261 silly addNameRange     '0.9.7-2-2',
261 silly addNameRange     '0.9.7-2-3',
261 silly addNameRange     '0.9.7-2-4',
261 silly addNameRange     '0.9.7-2-5',
261 silly addNameRange     '0.9.7-3',
261 silly addNameRange     '0.9.7-3-1',
261 silly addNameRange     '0.9.7-3-2',
261 silly addNameRange     '0.9.7-3-3',
261 silly addNameRange     '0.9.7-3-4',
261 silly addNameRange     '0.9.7-3-5',
261 silly addNameRange     '0.9.8',
261 silly addNameRange     '0.9.8-1',
261 silly addNameRange     '0.9.8-2',
261 silly addNameRange     '0.9.8-3',
261 silly addNameRange     '0.9.8-4',
261 silly addNameRange     '0.9.8-5',
261 silly addNameRange     '0.9.8-6',
261 silly addNameRange     '0.9.8-7',
261 silly addNameRange     '0.9.9',
261 silly addNameRange     '0.9.9-1',
261 silly addNameRange     '0.9.9-2',
261 silly addNameRange     '0.9.9-3',
261 silly addNameRange     '0.9.9-4',
261 silly addNameRange     '0.9.9-5',
261 silly addNameRange     '0.9.9-6',
261 silly addNameRange     '0.9.9-7',
261 silly addNameRange     '0.9.9-8',
261 silly addNameRange     '1.0.0',
261 silly addNameRange     '1.0.1',
261 silly addNameRange     '1.0.2',
261 silly addNameRange     '1.1.0-beta',
261 silly addNameRange     '1.1.0',
261 silly addNameRange     '1.1.1',
261 silly addNameRange     '1.1.2',
261 silly addNameRange     '1.1.3',
261 silly addNameRange     '1.1.4',
261 silly addNameRange     '1.1.5',
261 silly addNameRange     '1.1.6',
261 silly addNameRange     '1.1.7',
261 silly addNameRange     '1.1.8',
261 silly addNameRange     '1.1.9',
261 silly addNameRange     '1.1.10',
261 silly addNameRange     '1.1.11',
261 silly addNameRange     '1.2.0',
261 silly addNameRange     '1.2.1',
261 silly addNameRange     '1.2.2',
261 silly addNameRange     '1.2.3',
261 silly addNameRange     '1.2.4',
261 silly addNameRange     '1.2.5',
261 silly addNameRange     '1.2.6',
261 silly addNameRange     '1.2.7',
261 silly addNameRange     '1.2.8',
261 silly addNameRange     '1.2.9',
261 silly addNameRange     '1.2.10',
261 silly addNameRange     '1.2.11',
261 silly addNameRange     '1.2.12',
261 silly addNameRange     '1.2.13',
261 silly addNameRange     '1.2.14',
261 silly addNameRange     '1.3.0',
261 silly addNameRange     '1.3.1',
261 silly addNameRange     '1.3.2',
261 silly addNameRange     '1.3.3',
261 silly addNameRange     '1.3.4',
261 silly addNameRange     '1.3.5',
261 silly addNameRange     '1.3.6',
261 silly addNameRange     '1.3.7',
261 silly addNameRange     '1.3.8',
261 silly addNameRange     '1.3.9',
261 silly addNameRange     '1.3.10',
261 silly addNameRange     '1.3.11',
261 silly addNameRange     '1.3.12',
261 silly addNameRange     '1.3.14',
261 silly addNameRange     '1.3.15',
261 silly addNameRange     '1.3.17',
261 silly addNameRange     '1.3.18',
261 silly addNameRange     '1.3.19',
261 silly addNameRange     '1.4.0-rc2',
261 silly addNameRange     '1.3.20',
261 silly addNameRange     '1.4.0-rc3',
261 silly addNameRange     '1.3.21',
261 silly addNameRange     '1.3.22',
261 silly addNameRange     '1.3.23',
261 silly addNameRange     '1.4.0-rc4',
261 silly addNameRange     '1.4.0-rc5',
261 silly addNameRange     '1.4.0-rc6',
261 silly addNameRange     '1.4.0-rc7',
261 silly addNameRange     '1.4.0-rc8',
261 silly addNameRange     '1.4.0-rc9',
261 silly addNameRange     '1.4.0-rc10',
261 silly addNameRange     '1.4.0',
261 silly addNameRange     '1.4.1',
261 silly addNameRange     '1.4.2',
261 silly addNameRange     '1.4.3',
261 silly addNameRange     '1.4.4',
261 silly addNameRange     '1.4.5',
261 silly addNameRange     '1.4.6',
261 silly addNameRange     '1.4.7',
261 silly addNameRange     '1.4.8',
261 silly addNameRange     '1.4.9',
261 silly addNameRange     '1.4.10',
261 silly addNameRange     '2.0.0-alpha1',
261 silly addNameRange     '1.4.11',
261 silly addNameRange     '1.4.12',
261 silly addNameRange     '1.4.14',
261 silly addNameRange     '1.4.15',
261 silly addNameRange     '1.4.16',
261 silly addNameRange     '1.4.17',
261 silly addNameRange     '2.0.0-alpha2',
261 silly addNameRange     '1.4.18',
261 silly addNameRange     '2.0.0',
261 silly addNameRange     '2.0.1',
261 silly addNameRange     '2.0.2',
261 silly addNameRange     '1.4.19',
261 silly addNameRange     '2.0.3',
261 silly addNameRange     '2.0.4',
261 silly addNameRange     '2.0.5',
261 silly addNameRange     '2.0.6',
261 silly addNameRange     '1.4.20',
261 silly addNameRange     '1.4.22',
261 silly addNameRange     '2.0.7',
261 silly addNameRange     '2.0.8',
261 silly addNameRange     '2.0.9',
261 silly addNameRange     '1.4.23',
261 silly addNameRange     '2.0.10',
261 silly addNameRange     '1.4.24',
261 silly addNameRange     '2.0.11',
261 silly addNameRange     '1.4.25',
261 silly addNameRange     '2.0.12',
261 silly addNameRange     '1.4.26',
261 silly addNameRange     '1.4.27',
261 silly addNameRange     '1.4.28',
261 silly addNameRange     '2.0.13',
261 silly addNameRange     '2.0.14',
261 silly addNameRange     '1.4.29',
261 silly addNameRange     '2.0.15',
261 silly addNameRange     '1.4.30',
261 silly addNameRange     '2.0.16',
261 silly addNameRange     '1.4.31',
261 silly addNameRange     '2.0.17',
261 silly addNameRange     '1.4.32',
261 silly addNameRange     '2.0.18',
261 silly addNameRange     '2.0.19',
261 silly addNameRange     '1.4.33',
261 silly addNameRange     '2.0.20',
261 silly addNameRange     '2.0.21',
261 silly addNameRange     '1.4.34',
261 silly addNameRange     '2.0.22',
261 silly addNameRange     '2.0.23',
261 silly addNameRange     '1.4.35',
261 silly addNameRange     '2.0.24',
261 silly addNameRange     '2.0.25',
261 silly addNameRange     '2.0.26',
261 silly addNameRange     '2.0.27',
261 silly addNameRange     '2.0.28',
261 silly addNameRange     '2.0.29',
261 silly addNameRange     '1.4.36',
261 silly addNameRange     '2.0.30',
261 silly addNameRange     '1.4.37',
261 silly addNameRange     '2.0.31',
261 silly addNameRange     '1.4.38',
261 silly addNameRange     '2.0.32',
261 silly addNameRange     '2.0.33',
261 silly addNameRange     '2.1.0-alpha',
261 silly addNameRange     '2.0.34',
261 silly addNameRange     '2.0.35',
261 silly addNameRange     '2.0.36',
261 silly addNameRange     '2.0.37',
261 silly addNameRange     '2.0.38',
261 silly addNameRange     '2.0.39',
261 silly addNameRange     '1.4.39',
261 silly addNameRange     '2.0.40',
261 silly addNameRange     '2.0.41',
261 silly addNameRange     '2.0.42',
261 silly addNameRange     '2.0.43',
261 silly addNameRange     '2.0.44',
261 silly addNameRange     '2.0.45',
261 silly addNameRange     '2.0.46',
261 silly addNameRange     '2.0.47',
261 silly addNameRange     '2.0.48',
261 silly addNameRange     '2.1.0-rc1',
261 silly addNameRange     '2.0.49',
261 silly addNameRange     '2.0.50',
261 silly addNameRange     '2.1.0',
261 silly addNameRange     '2.0.51',
261 silly addNameRange     '2.1.1',
261 silly addNameRange     '2.0.52',
261 silly addNameRange     '2.0.53',
261 silly addNameRange     '2.1.2' ] ]
262 verbose addNamed [ 'mongodb', '2.1.2' ]
263 verbose addNamed [ '2.1.2', '2.1.2' ]
264 silly lockFile 5ebc71dd-mongodb-2-1-2 mongodb@2.1.2
265 verbose lock mongodb@2.1.2 /Users/quid23/.npm/5ebc71dd-mongodb-2-1-2.lock
266 silly addNameRange number 2 { name: 'express', range: '>=4.13.3-0 <5.0.0-0', hasData: true }
267 silly addNameRange versions [ 'express',
267 silly addNameRange   [ '0.14.0',
267 silly addNameRange     '0.14.1',
267 silly addNameRange     '1.0.0',
267 silly addNameRange     '1.0.1',
267 silly addNameRange     '1.0.2',
267 silly addNameRange     '1.0.3',
267 silly addNameRange     '1.0.4',
267 silly addNameRange     '1.0.5',
267 silly addNameRange     '1.0.6',
267 silly addNameRange     '1.0.7',
267 silly addNameRange     '1.0.8',
267 silly addNameRange     '2.0.0',
267 silly addNameRange     '2.1.0',
267 silly addNameRange     '2.1.1',
267 silly addNameRange     '2.2.0',
267 silly addNameRange     '2.2.1',
267 silly addNameRange     '2.2.2',
267 silly addNameRange     '2.3.0',
267 silly addNameRange     '2.3.1',
267 silly addNameRange     '2.3.2',
267 silly addNameRange     '2.3.3',
267 silly addNameRange     '2.3.4',
267 silly addNameRange     '2.3.5',
267 silly addNameRange     '2.3.6',
267 silly addNameRange     '2.3.7',
267 silly addNameRange     '2.3.8',
267 silly addNameRange     '2.3.9',
267 silly addNameRange     '2.3.10',
267 silly addNameRange     '2.3.11',
267 silly addNameRange     '2.3.12',
267 silly addNameRange     '2.4.0',
267 silly addNameRange     '2.4.1',
267 silly addNameRange     '2.4.2',
267 silly addNameRange     '2.4.3',
267 silly addNameRange     '2.4.4',
267 silly addNameRange     '2.4.5',
267 silly addNameRange     '2.4.6',
267 silly addNameRange     '2.4.7',
267 silly addNameRange     '2.5.0',
267 silly addNameRange     '2.5.1',
267 silly addNameRange     '2.5.2',
267 silly addNameRange     '2.5.3',
267 silly addNameRange     '2.5.4',
267 silly addNameRange     '2.5.5',
267 silly addNameRange     '2.5.6',
267 silly addNameRange     '2.5.7',
267 silly addNameRange     '2.5.8',
267 silly addNameRange     '2.5.9',
267 silly addNameRange     '2.5.10',
267 silly addNameRange     '2.5.11',
267 silly addNameRange     '3.0.0',
267 silly addNameRange     '3.0.1',
267 silly addNameRange     '3.0.2',
267 silly addNameRange     '3.0.3',
267 silly addNameRange     '3.0.4',
267 silly addNameRange     '3.0.5',
267 silly addNameRange     '3.0.6',
267 silly addNameRange     '3.1.0',
267 silly addNameRange     '3.1.1',
267 silly addNameRange     '3.1.2',
267 silly addNameRange     '3.2.0',
267 silly addNameRange     '3.2.1',
267 silly addNameRange     '3.2.2',
267 silly addNameRange     '3.2.3',
267 silly addNameRange     '3.2.4',
267 silly addNameRange     '3.2.5',
267 silly addNameRange     '3.2.6',
267 silly addNameRange     '3.3.0',
267 silly addNameRange     '3.3.1',
267 silly addNameRange     '3.3.2',
267 silly addNameRange     '3.3.3',
267 silly addNameRange     '3.3.4',
267 silly addNameRange     '3.3.5',
267 silly addNameRange     '3.3.6',
267 silly addNameRange     '1.0.0-beta',
267 silly addNameRange     '1.0.0-beta2',
267 silly addNameRange     '1.0.0-rc',
267 silly addNameRange     '1.0.0-rc2',
267 silly addNameRange     '1.0.0-rc3',
267 silly addNameRange     '1.0.0-rc4',
267 silly addNameRange     '2.0.0-beta',
267 silly addNameRange     '2.0.0-beta2',
267 silly addNameRange     '2.0.0-beta3',
267 silly addNameRange     '2.0.0-rc',
267 silly addNameRange     '2.0.0-rc2',
267 silly addNameRange     '2.0.0-rc3',
267 silly addNameRange     '3.0.0-alpha1',
267 silly addNameRange     '3.0.0-alpha2',
267 silly addNameRange     '3.0.0-alpha3',
267 silly addNameRange     '3.0.0-alpha4',
267 silly addNameRange     '3.0.0-alpha5',
267 silly addNameRange     '3.0.0-beta1',
267 silly addNameRange     '3.0.0-beta2',
267 silly addNameRange     '3.0.0-beta3',
267 silly addNameRange     '3.0.0-beta4',
267 silly addNameRange     '3.0.0-beta6',
267 silly addNameRange     '3.0.0-beta7',
267 silly addNameRange     '3.0.0-rc1',
267 silly addNameRange     '3.0.0-rc2',
267 silly addNameRange     '3.0.0-rc3',
267 silly addNameRange     '3.0.0-rc4',
267 silly addNameRange     '3.0.0-rc5',
267 silly addNameRange     '3.3.7',
267 silly addNameRange     '3.3.8',
267 silly addNameRange     '3.4.0',
267 silly addNameRange     '3.4.1',
267 silly addNameRange     '3.4.2',
267 silly addNameRange     '3.4.3',
267 silly addNameRange     '3.4.4',
267 silly addNameRange     '3.4.5',
267 silly addNameRange     '3.4.6',
267 silly addNameRange     '3.4.7',
267 silly addNameRange     '3.4.8',
267 silly addNameRange     '4.0.0-rc1',
267 silly addNameRange     '4.0.0-rc2',
267 silly addNameRange     '3.5.0',
267 silly addNameRange     '4.0.0-rc3',
267 silly addNameRange     '4.0.0-rc4',
267 silly addNameRange     '3.5.1',
267 silly addNameRange     '4.0.0',
267 silly addNameRange     '3.5.2',
267 silly addNameRange     '4.1.0',
267 silly addNameRange     '4.1.1',
267 silly addNameRange     '3.5.3',
267 silly addNameRange     '4.1.2',
267 silly addNameRange     '3.6.0',
267 silly addNameRange     '4.2.0',
267 silly addNameRange     '3.7.0',
267 silly addNameRange     '3.8.0',
267 silly addNameRange     '4.3.0',
267 silly addNameRange     '4.3.1',
267 silly addNameRange     '3.8.1',
267 silly addNameRange     '4.3.2',
267 silly addNameRange     '3.9.0',
267 silly addNameRange     '4.4.0',
267 silly addNameRange     '4.4.1',
267 silly addNameRange     '3.10.0',
267 silly addNameRange     '3.10.1',
267 silly addNameRange     '3.10.2',
267 silly addNameRange     '3.10.3',
267 silly addNameRange     '3.10.4',
267 silly addNameRange     '4.4.2',
267 silly addNameRange     '3.10.5',
267 silly addNameRange     '4.4.3',
267 silly addNameRange     '3.11.0',
267 silly addNameRange     '4.4.4',
267 silly addNameRange     '3.12.0',
267 silly addNameRange     '3.12.1',
267 silly addNameRange     '4.4.5',
267 silly addNameRange     '3.13.0',
267 silly addNameRange     '4.5.0',
267 silly addNameRange     '4.5.1',
267 silly addNameRange     '3.14.0',
267 silly addNameRange     '4.6.0',
267 silly addNameRange     '4.6.1',
267 silly addNameRange     '3.15.0',
267 silly addNameRange     '4.7.0',
267 silly addNameRange     '3.15.1',
267 silly addNameRange     '4.7.1',
267 silly addNameRange     '3.15.2',
267 silly addNameRange     '4.7.2',
267 silly addNameRange     '4.7.3',
267 silly addNameRange     '3.15.3',
267 silly addNameRange     '4.7.4',
267 silly addNameRange     '3.16.0',
267 silly addNameRange     '4.8.0',
267 silly addNameRange     '3.16.1',
267 silly addNameRange     '4.8.1',
267 silly addNameRange     '3.16.2',
267 silly addNameRange     '4.8.2',
267 silly addNameRange     '3.16.3',
267 silly addNameRange     '3.16.4',
267 silly addNameRange     '4.8.3',
267 silly addNameRange     '3.16.5',
267 silly addNameRange     '3.16.6',
267 silly addNameRange     '4.8.4',
267 silly addNameRange     '3.16.7',
267 silly addNameRange     '4.8.5',
267 silly addNameRange     '3.16.8',
267 silly addNameRange     '4.8.6',
267 silly addNameRange     '3.16.9',
267 silly addNameRange     '4.8.7',
267 silly addNameRange     '3.16.10',
267 silly addNameRange     '4.8.8',
267 silly addNameRange     '3.17.0',
267 silly addNameRange     '3.17.1',
267 silly addNameRange     '4.9.0',
267 silly addNameRange     '3.17.2',
267 silly addNameRange     '4.9.1',
267 silly addNameRange     '4.9.2',
267 silly addNameRange     '3.17.3',
267 silly addNameRange     '4.9.3',
267 silly addNameRange     '3.17.4',
267 silly addNameRange     '4.9.4',
267 silly addNameRange     '3.17.5',
267 silly addNameRange     '4.9.5',
267 silly addNameRange     '3.17.6',
267 silly addNameRange     '3.17.7',
267 silly addNameRange     '4.9.6',
267 silly addNameRange     '4.9.7',
267 silly addNameRange     '3.17.8',
267 silly addNameRange     '4.9.8',
267 silly addNameRange     '3.18.0',
267 silly addNameRange     '3.18.1',
267 silly addNameRange     '4.10.0',
267 silly addNameRange     '3.18.2',
267 silly addNameRange     '4.10.1',
267 silly addNameRange     '5.0.0-alpha.1',
267 silly addNameRange     '3.18.3',
267 silly addNameRange     '4.10.2',
267 silly addNameRange     '3.18.4',
267 silly addNameRange     '4.10.3',
267 silly addNameRange     '4.10.4',
267 silly addNameRange     '4.10.5',
267 silly addNameRange     '3.18.5',
267 silly addNameRange     '3.18.6',
267 silly addNameRange     '4.10.6',
267 silly addNameRange     '4.10.7',
267 silly addNameRange     '3.19.0',
267 silly addNameRange     '4.10.8',
267 silly addNameRange     '4.11.0',
267 silly addNameRange     '3.19.1',
267 silly addNameRange     '4.11.1',
267 silly addNameRange     '3.19.2',
267 silly addNameRange     '4.11.2',
267 silly addNameRange     '3.20.0',
267 silly addNameRange     '4.12.0',
267 silly addNameRange     '3.20.1',
267 silly addNameRange     '4.12.1',
267 silly addNameRange     '4.12.2',
267 silly addNameRange     '3.20.2',
267 silly addNameRange     '4.12.3',
267 silly addNameRange     '3.20.3',
267 silly addNameRange     '4.12.4',
267 silly addNameRange     '3.21.0',
267 silly addNameRange     '4.13.0',
267 silly addNameRange     '3.21.1',
267 silly addNameRange     '4.13.1',
267 silly addNameRange     '5.0.0-alpha.2',
267 silly addNameRange     '3.21.2',
267 silly addNameRange     '4.13.2',
267 silly addNameRange     '4.13.3' ] ]
268 verbose addNamed [ 'express', '4.13.3' ]
269 verbose addNamed [ '4.13.3', '4.13.3' ]
270 silly lockFile 51f1744e-express-4-13-3 express@4.13.3
271 verbose lock express@4.13.3 /Users/quid23/.npm/51f1744e-express-4-13-3.lock
272 silly lockFile f9175de7-js-org-mongodb-mongodb-2-1-2-tgz https://registry.npmjs.org/mongodb/-/mongodb-2.1.2.tgz
273 verbose lock https://registry.npmjs.org/mongodb/-/mongodb-2.1.2.tgz /Users/quid23/.npm/f9175de7-js-org-mongodb-mongodb-2-1-2-tgz.lock
274 verbose addRemoteTarball [ 'https://registry.npmjs.org/mongodb/-/mongodb-2.1.2.tgz',
274 verbose addRemoteTarball   'f688e2c0c312b55616965b224433658f0427717a' ]
275 info retry fetch attempt 1 at 13:18:34
276 verbose fetch to= /var/folders/st/vd40pj9j6kv60mp6wgszwb_00000gn/T/npm-1422-ybNyjazK/registry.npmjs.org/mongodb/-/mongodb-2.1.2.tgz
277 http GET https://registry.npmjs.org/mongodb/-/mongodb-2.1.2.tgz
278 silly lockFile 51f1744e-express-4-13-3 express@4.13.3
279 silly lockFile 51f1744e-express-4-13-3 express@4.13.3
280 silly lockFile 9c28b82e-express-4-13-3 express@^4.13.3
281 silly lockFile 9c28b82e-express-4-13-3 express@^4.13.3
282 http 200 https://registry.npmjs.org/mongodb/-/mongodb-2.1.2.tgz
283 silly lockFile f9175de7-js-org-mongodb-mongodb-2-1-2-tgz https://registry.npmjs.org/mongodb/-/mongodb-2.1.2.tgz
284 silly lockFile f9175de7-js-org-mongodb-mongodb-2-1-2-tgz https://registry.npmjs.org/mongodb/-/mongodb-2.1.2.tgz
285 silly lockFile 5ebc71dd-mongodb-2-1-2 mongodb@2.1.2
286 silly lockFile 5ebc71dd-mongodb-2-1-2 mongodb@2.1.2
287 silly lockFile d1cfe44a-mongodb-2-0-52 mongodb@^2.0.52
288 silly lockFile d1cfe44a-mongodb-2-0-52 mongodb@^2.0.52
289 http 200 https://registry.npmjs.org/mongoose
290 silly registry.get cb [ 200,
290 silly registry.get   { server: 'CouchDB/1.5.0 (Erlang OTP/R16B03)',
290 silly registry.get     etag: '"1CPOXGHWV0KXOVDQRVML9R7NX"',
290 silly registry.get     'content-type': 'application/json',
290 silly registry.get     'cache-control': 'max-age=300',
290 silly registry.get     'content-length': '407079',
290 silly registry.get     'accept-ranges': 'bytes',
290 silly registry.get     date: 'Wed, 23 Dec 2015 19:17:33 GMT',
290 silly registry.get     via: '1.1 varnish',
290 silly registry.get     age: '210',
290 silly registry.get     connection: 'keep-alive',
290 silly registry.get     'x-served-by': 'cache-ord1722-ORD',
290 silly registry.get     'x-cache': 'HIT',
290 silly registry.get     'x-cache-hits': '1',
290 silly registry.get     'x-timer': 'S1450898253.067604,VS0,VE1',
290 silly registry.get     vary: 'Accept' } ]
291 silly addNameRange number 2 { name: 'mongoose', range: '>=4.3.3-0 <5.0.0-0', hasData: true }
292 silly addNameRange versions [ 'mongoose',
292 silly addNameRange   [ '0.0.1',
292 silly addNameRange     '0.0.2',
292 silly addNameRange     '0.0.3',
292 silly addNameRange     '0.0.4',
292 silly addNameRange     '0.0.5',
292 silly addNameRange     '1.0.0',
292 silly addNameRange     '1.0.1',
292 silly addNameRange     '1.0.2',
292 silly addNameRange     '0.0.6',
292 silly addNameRange     '1.0.3',
292 silly addNameRange     '1.0.4',
292 silly addNameRange     '1.0.5',
292 silly addNameRange     '1.0.6',
292 silly addNameRange     '1.0.7',
292 silly addNameRange     '1.0.8',
292 silly addNameRange     '1.0.10',
292 silly addNameRange     '1.0.11',
292 silly addNameRange     '1.0.12',
292 silly addNameRange     '1.0.13',
292 silly addNameRange     '1.0.14',
292 silly addNameRange     '1.0.15',
292 silly addNameRange     '1.0.16',
292 silly addNameRange     '1.1.0',
292 silly addNameRange     '1.1.1',
292 silly addNameRange     '1.1.2',
292 silly addNameRange     '1.1.3',
292 silly addNameRange     '1.1.4',
292 silly addNameRange     '1.1.5',
292 silly addNameRange     '1.1.6',
292 silly addNameRange     '1.1.7',
292 silly addNameRange     '1.1.8',
292 silly addNameRange     '1.1.9',
292 silly addNameRange     '1.1.10',
292 silly addNameRange     '1.1.11',
292 silly addNameRange     '1.1.12',
292 silly addNameRange     '1.1.13',
292 silly addNameRange     '1.1.14',
292 silly addNameRange     '1.1.15',
292 silly addNameRange     '1.1.16',
292 silly addNameRange     '1.1.17',
292 silly addNameRange     '1.1.18',
292 silly addNameRange     '1.1.19',
292 silly addNameRange     '1.1.20',
292 silly addNameRange     '1.1.21',
292 silly addNameRange     '1.1.22',
292 silly addNameRange     '1.1.23',
292 silly addNameRange     '1.1.24',
292 silly addNameRange     '1.1.25',
292 silly addNameRange     '1.2.0',
292 silly addNameRange     '1.3.0',
292 silly addNameRange     '1.3.1',
292 silly addNameRange     '1.3.2',
292 silly addNameRange     '1.3.3',
292 silly addNameRange     '1.3.4',
292 silly addNameRange     '1.3.5',
292 silly addNameRange     '1.3.6',
292 silly addNameRange     '1.3.7',
292 silly addNameRange     '1.4.0',
292 silly addNameRange     '1.5.0',
292 silly addNameRange     '1.6.0',
292 silly addNameRange     '1.7.2',
292 silly addNameRange     '1.7.3',
292 silly addNameRange     '1.7.4',
292 silly addNameRange     '1.8.0',
292 silly addNameRange     '1.8.1',
292 silly addNameRange     '1.8.2',
292 silly addNameRange     '1.8.3',
292 silly addNameRange     '1.8.4',
292 silly addNameRange     '2.0.0',
292 silly addNameRange     '2.0.1',
292 silly addNameRange     '2.0.2',
292 silly addNameRange     '2.0.3',
292 silly addNameRange     '2.0.4',
292 silly addNameRange     '2.1.0',
292 silly addNameRange     '2.1.1',
292 silly addNameRange     '2.1.2',
292 silly addNameRange     '2.1.3',
292 silly addNameRange     '2.1.4',
292 silly addNameRange     '2.2.0',
292 silly addNameRange     '2.2.1',
292 silly addNameRange     '2.2.2',
292 silly addNameRange     '2.2.3',
292 silly addNameRange     '2.2.4',
292 silly addNameRange     '2.3.0',
292 silly addNameRange     '2.3.1',
292 silly addNameRange     '2.3.2',
292 silly addNameRange     '2.3.3',
292 silly addNameRange     '2.3.4',
292 silly addNameRange     '2.3.5',
292 silly addNameRange     '2.3.6',
292 silly addNameRange     '2.3.7',
292 silly addNameRange     '2.3.8',
292 silly addNameRange     '2.3.9',
292 silly addNameRange     '2.3.10',
292 silly addNameRange     '2.3.11',
292 silly addNameRange     '2.3.12',
292 silly addNameRange     '2.3.13',
292 silly addNameRange     '2.4.0',
292 silly addNameRange     '2.4.1',
292 silly addNameRange     '2.4.2',
292 silly addNameRange     '2.4.3',
292 silly addNameRange     '2.4.4',
292 silly addNameRange     '2.4.5',
292 silly addNameRange     '2.4.6',
292 silly addNameRange     '2.4.7',
292 silly addNameRange     '2.4.8',
292 silly addNameRange     '2.4.9',
292 silly addNameRange     '2.4.10',
292 silly addNameRange     '2.5.0',
292 silly addNameRange     '2.5.1',
292 silly addNameRange     '2.5.2',
292 silly addNameRange     '2.5.3',
292 silly addNameRange     '2.5.4',
292 silly addNameRange     '2.5.5',
292 silly addNameRange     '2.5.6',
292 silly addNameRange     '2.5.7',
292 silly addNameRange     '2.5.8',
292 silly addNameRange     '2.5.9',
292 silly addNameRange     '2.5.10',
292 silly addNameRange     '2.5.11',
292 silly addNameRange     '2.5.12',
292 silly addNameRange     '2.5.13',
292 silly addNameRange     '2.5.14',
292 silly addNameRange     '2.6.0',
292 silly addNameRange     '2.6.1',
292 silly addNameRange     '2.6.2',
292 silly addNameRange     '2.6.3',
292 silly addNameRange     '2.6.4',
292 silly addNameRange     '2.6.5',
292 silly addNameRange     '2.6.6',
292 silly addNameRange     '2.6.7',
292 silly addNameRange     '2.6.8',
292 silly addNameRange     '2.7.0',
292 silly addNameRange     '2.7.1',
292 silly addNameRange     '2.7.2',
292 silly addNameRange     '2.7.4',
292 silly addNameRange     '2.7.3',
292 silly addNameRange     '3.0.0',
292 silly addNameRange     '3.0.1',
292 silly addNameRange     '3.0.2',
292 silly addNameRange     '2.8.0',
292 silly addNameRange     '3.0.3',
292 silly addNameRange     '3.1.0',
292 silly addNameRange     '2.8.1',
292 silly addNameRange     '3.1.1',
292 silly addNameRange     '2.8.2',
292 silly addNameRange     '2.8.3',
292 silly addNameRange     '2.9.0',
292 silly addNameRange     '3.2.0',
292 silly addNameRange     '2.9.1',
292 silly addNameRange     '3.2.1',
292 silly addNameRange     '2.9.2',
292 silly addNameRange     '3.2.2',
292 silly addNameRange     '3.3.0',
292 silly addNameRange     '3.3.1',
292 silly addNameRange     '2.9.3',
292 silly addNameRange     '3.4.0',
292 silly addNameRange     '2.9.4',
292 silly addNameRange     '2.9.5',
292 silly addNameRange     '3.5.0',
292 silly addNameRange     '3.5.1',
292 silly addNameRange     '3.5.2',
292 silly addNameRange     '3.5.3',
292 silly addNameRange     '2.9.6',
292 silly addNameRange     '2.9.7',
292 silly addNameRange     '3.5.4',
292 silly addNameRange     '3.5.5',
292 silly addNameRange     '2.9.8',
292 silly addNameRange     '2.9.9',
292 silly addNameRange     '3.5.6',
292 silly addNameRange     '3.5.7',
292 silly addNameRange     '3.5.8',
292 silly addNameRange     '2.9.10',
292 silly addNameRange     '3.5.9',
292 silly addNameRange     '3.6.2',
292 silly addNameRange     '3.5.10',
292 silly addNameRange     '3.6.3',
292 silly addNameRange     '3.5.11',
292 silly addNameRange     '3.6.4',
292 silly addNameRange     '3.6.5',
292 silly addNameRange     '3.6.6',
292 silly addNameRange     '3.6.7',
292 silly addNameRange     '3.5.12',
292 silly addNameRange     '3.6.8',
292 silly addNameRange     '3.6.9',
292 silly addNameRange     '3.6.10',
292 silly addNameRange     '3.5.13',
292 silly addNameRange     '3.5.14',
292 silly addNameRange     '3.6.11',
292 silly addNameRange     '3.6.12',
292 silly addNameRange     '3.6.13',
292 silly addNameRange     '3.6.14',
292 silly addNameRange     '3.6.15',
292 silly addNameRange     '3.5.15',
292 silly addNameRange     '3.7.0',
292 silly addNameRange     '3.6.16',
292 silly addNameRange     '3.5.16',
292 silly addNameRange     '3.6.17',
292 silly addNameRange     '3.7.2',
292 silly addNameRange     '3.0.0-alpha1',
292 silly addNameRange     '3.0.0-alpha2',
292 silly addNameRange     '3.0.0-rc0',
292 silly addNameRange     '3.6.0-rc0',
292 silly addNameRange     '3.6.0-rc1',
292 silly addNameRange     '3.6.18',
292 silly addNameRange     '3.7.3',
292 silly addNameRange     '3.6.19',
292 silly addNameRange     '3.6.20',
292 silly addNameRange     '3.7.4',
292 silly addNameRange     '3.8.0',
292 silly addNameRange     '3.8.1',
292 silly addNameRange     '3.8.2',
292 silly addNameRange     '3.8.3',
292 silly addNameRange     '3.8.4',
292 silly addNameRange     '3.8.5',
292 silly addNameRange     '3.8.6',
292 silly addNameRange     '3.8.7',
292 silly addNameRange     '3.8.8',
292 silly addNameRange     '3.8.9',
292 silly addNameRange     '3.8.10',
292 silly addNameRange     '3.8.11',
292 silly addNameRange     '3.9.0',
292 silly addNameRange     '3.8.12',
292 silly addNameRange     '3.8.13',
292 silly addNameRange     '3.8.14',
292 silly addNameRange     '3.8.15',
292 silly addNameRange     '3.9.1',
292 silly addNameRange     '3.8.16',
292 silly addNameRange     '3.9.2',
292 silly addNameRange     '3.8.17',
292 silly addNameRange     '3.9.3',
292 silly addNameRange     '3.8.18',
292 silly addNameRange     '3.9.4',
292 silly addNameRange     '3.8.19',
292 silly addNameRange     '3.9.5',
292 silly addNameRange     '3.8.20',
292 silly addNameRange     '3.9.6',
292 silly addNameRange     '3.8.21',
292 silly addNameRange     '3.9.7',
292 silly addNameRange     '3.8.22',
292 silly addNameRange     '4.0.0-rc0',
292 silly addNameRange     '4.0.0-rc1',
292 silly addNameRange     '3.8.23',
292 silly addNameRange     '4.0.0-rc2',
292 silly addNameRange     '3.8.24',
292 silly addNameRange     '4.0.0-rc3',
292 silly addNameRange     '3.8.25',
292 silly addNameRange     '4.0.0-rc4',
292 silly addNameRange     '4.0.0',
292 silly addNameRange     '4.0.1',
292 silly addNameRange     '3.8.26',
292 silly addNameRange     '3.8.27',
292 silly addNameRange     '4.0.2',
292 silly addNameRange     '3.8.28',
292 silly addNameRange     '4.0.3',
292 silly addNameRange     '3.8.29',
292 silly addNameRange     '4.0.4',
292 silly addNameRange     '3.8.30',
292 silly addNameRange     '4.0.5',
292 silly addNameRange     '3.8.31',
292 silly addNameRange     '4.0.6',
292 silly addNameRange     '3.8.33',
292 silly addNameRange     '4.0.7',
292 silly addNameRange     '3.8.34',
292 silly addNameRange     '4.0.8',
292 silly addNameRange     '4.1.0',
292 silly addNameRange     '4.1.1',
292 silly addNameRange     '4.1.2',
292 silly addNameRange     '3.8.35',
292 silly addNameRange     '4.1.3',
292 silly addNameRange     '4.1.5',
292 silly addNameRange     '4.1.6',
292 silly addNameRange     '4.1.7',
292 silly addNameRange     '4.1.8',
292 silly addNameRange     '4.1.9',
292 silly addNameRange     '4.1.10',
292 silly addNameRange     '4.1.11',
292 silly addNameRange     '3.8.36',
292 silly addNameRange     '4.1.12',
292 silly addNameRange     '4.2.0',
292 silly addNameRange     '4.2.1',
292 silly addNameRange     '4.2.2',
292 silly addNameRange     '4.2.3',
292 silly addNameRange     '4.2.4',
292 silly addNameRange     '4.2.5',
292 silly addNameRange     '3.8.37',
292 silly addNameRange     '4.2.6',
292 silly addNameRange     '4.2.7',
292 silly addNameRange     '4.2.8',
292 silly addNameRange     '4.2.9',
292 silly addNameRange     '4.2.10',
292 silly addNameRange     '4.3.0',
292 silly addNameRange     '4.3.1',
292 silly addNameRange     '4.3.2',
292 silly addNameRange     '4.3.3' ] ]
293 verbose addNamed [ 'mongoose', '4.3.3' ]
294 verbose addNamed [ '4.3.3', '4.3.3' ]
295 silly lockFile 789e61ee-mongoose-4-3-3 mongoose@4.3.3
296 verbose lock mongoose@4.3.3 /Users/quid23/.npm/789e61ee-mongoose-4-3-3.lock
297 silly lockFile 789e61ee-mongoose-4-3-3 mongoose@4.3.3
298 silly lockFile 789e61ee-mongoose-4-3-3 mongoose@4.3.3
299 silly lockFile 2b2a4fe7-mongoose-4-3-3 mongoose@^4.3.3
300 silly lockFile 2b2a4fe7-mongoose-4-3-3 mongoose@^4.3.3
301 error Error: EACCES, mkdir '/Users/quid23/.npm/mongodb/2.1.2'
301 error  { [Error: EACCES, mkdir '/Users/quid23/.npm/mongodb/2.1.2']
301 error   errno: 3,
301 error   code: 'EACCES',
301 error   path: '/Users/quid23/.npm/mongodb/2.1.2',
301 error   parent: 'cronapi' }
302 error Please try running this command again as root/Administrator.
303 error System Darwin 14.5.0
304 error command "node" "/usr/local/bin/npm" "install"
305 error cwd /Users/quid23/Desktop/nodeapps/procesos
306 error node -v v0.10.33
307 error npm -v 1.4.28
308 error path /Users/quid23/.npm/mongodb/2.1.2
309 error code EACCES
310 error errno 3
311 error stack Error: EACCES, mkdir '/Users/quid23/.npm/mongodb/2.1.2'
312 verbose exit [ 3, true ]
